<?xml version="1.0" encoding="UTF-8"?>
<!-- Generated by org.testng.reporters.JUnitReportReporter -->
<testsuite hostname="Meghas-MacBook-Pro.local" failures="0" tests="1" name="sample.LibraryApiTests" time="8.045" errors="0" timestamp="2023-07-20T23:45:45 EDT" skipped="0">
  <testcase classname="sample.LibraryApiTests" name="addBook" time="8.045"/>
</testsuite> <!-- sample.LibraryApiTests -->
