<?xml version="1.0" encoding="UTF-8"?>
<!-- Generated by org.testng.reporters.JUnitReportReporter -->
<testsuite hostname="Meghas-MacBook-Pro.local" failures="0" tests="5" name="datadriven.PurchaseOrderTests" time="8.418" errors="0" timestamp="2023-07-20T22:15:07 EDT" skipped="0">
  <testcase classname="datadriven.PurchaseOrderTests" name="addProduct" time="2.368"/>
  <testcase classname="datadriven.PurchaseOrderTests" name="purchaseAccountLogin" time="3.527"/>
  <testcase classname="datadriven.PurchaseOrderTests" name="getOrderDetails" time="0.840"/>
  <testcase classname="datadriven.PurchaseOrderTests" name="createOrder" time="0.914"/>
  <testcase classname="datadriven.PurchaseOrderTests" name="deleteOrder" time="0.769"/>
</testsuite> <!-- datadriven.PurchaseOrderTests -->
