<?xml version="1.0" encoding="UTF-8"?>
<!-- Generated by org.testng.reporters.JUnitReportReporter -->
<testsuite hostname="Meghas-MacBook-Pro.local" failures="0" tests="1" name="sample.GoogleMapsApiTests" time="5.530" errors="0" timestamp="2023-07-20T03:04:50 EDT" skipped="0">
  <testcase classname="sample.GoogleMapsApiTests" name="googleApis" time="5.530"/>
</testsuite> <!-- sample.GoogleMapsApiTests -->
