<?xml version="1.0" encoding="UTF-8"?>
<!-- Generated by org.testng.reporters.JUnitReportReporter -->
<testsuite hostname="Meghas-MacBook-Pro.local" failures="0" tests="5" name="datadriven.PurchaseOrderTests" time="8.166" errors="0" timestamp="2023-07-20T03:04:50 EDT" skipped="0">
  <testcase classname="datadriven.PurchaseOrderTests" name="purchaseAccountLogin" time="3.865"/>
  <testcase classname="datadriven.PurchaseOrderTests" name="deleteOrder" time="0.980"/>
  <testcase classname="datadriven.PurchaseOrderTests" name="addProduct" time="1.664"/>
  <testcase classname="datadriven.PurchaseOrderTests" name="createOrder" time="0.800"/>
  <testcase classname="datadriven.PurchaseOrderTests" name="getOrderDetails" time="0.857"/>
</testsuite> <!-- datadriven.PurchaseOrderTests -->
