<?xml version="1.0" encoding="UTF-8"?>
<!-- Generated by org.testng.reporters.JUnitReportReporter -->
<testsuite hostname="Meghas-MacBook-Pro.local" failures="0" tests="1" name="sample.LibraryApiTests" time="7.527" errors="0" timestamp="2023-07-20T22:15:07 EDT" skipped="0">
  <testcase classname="sample.LibraryApiTests" name="addBook" time="7.527"/>
</testsuite> <!-- sample.LibraryApiTests -->
