<?xml version="1.0" encoding="UTF-8"?>
<!-- Generated by org.testng.reporters.JUnitReportReporter -->
<testsuite hostname="Meghas-MacBook-Pro.local" failures="0" tests="1" name="datadriven.GoogleMapsTests" time="0.998" errors="0" timestamp="2023-07-20T03:04:50 EDT" skipped="0">
  <testcase classname="datadriven.GoogleMapsTests" name="googleAddLocation" time="0.998"/>
</testsuite> <!-- datadriven.GoogleMapsTests -->
